[2021-04-05 09:22:14]
        Текст ошибки: Страница не найдена! | Файл: /home/br396286/garant-food.kiev.ua/www/vendor/garant/core/Router.php | Строка: 39
*******************
[2021-04-05 09:22:14]
        Текст ошибки: Страница не найдена! | Файл: /home/br396286/garant-food.kiev.ua/www/vendor/garant/core/Router.php | Строка: 39
*******************
[2021-04-05 09:22:14]
        Текст ошибки: Страница не найдена! | Файл: /home/br396286/garant-food.kiev.ua/www/vendor/garant/core/Router.php | Строка: 39
*******************
[2021-04-05 09:22:14]
        Текст ошибки: Страница не найдена! | Файл: /home/br396286/garant-food.kiev.ua/www/vendor/garant/core/Router.php | Строка: 39
*******************
[2021-04-05 10:24:43]
        Текст ошибки: Страница не найдена! | Файл: /home/br396286/garant-food.kiev.ua/www/vendor/garant/core/Router.php | Строка: 39
*******************
[2021-04-05 10:25:10]
        Текст ошибки: Страница не найдена! | Файл: /home/br396286/garant-food.kiev.ua/www/vendor/garant/core/Router.php | Строка: 39
*******************
[2021-04-05 14:10:01]
        Текст ошибки: Страница не найдена! | Файл: /home/br396286/garant-food.kiev.ua/www/vendor/garant/core/Router.php | Строка: 39
*******************
[2021-04-05 14:10:03]
        Текст ошибки: Страница не найдена! | Файл: /home/br396286/garant-food.kiev.ua/www/vendor/garant/core/Router.php | Строка: 39
*******************
[2021-04-05 14:10:06]
        Текст ошибки: Страница не найдена! | Файл: /home/br396286/garant-food.kiev.ua/www/vendor/garant/core/Router.php | Строка: 39
*******************
[2021-04-05 17:17:15]
        Текст ошибки: Страница не найдена! | Файл: /home/br396286/garant-food.kiev.ua/www/vendor/garant/core/Router.php | Строка: 39
*******************
[2021-04-05 17:17:15]
        Текст ошибки: Страница не найдена! | Файл: /home/br396286/garant-food.kiev.ua/www/vendor/garant/core/Router.php | Строка: 39
*******************
[2021-04-05 22:36:42]
        Текст ошибки: Страница не найдена! | Файл: /home/br396286/garant-food.kiev.ua/www/vendor/garant/core/Router.php | Строка: 39
*******************
[2021-04-05 23:12:30]
        Текст ошибки: Страница не найдена! | Файл: /home/br396286/garant-food.kiev.ua/www/vendor/garant/core/Router.php | Строка: 39
*******************
[2021-04-06 06:26:06]
        Текст ошибки: Страница не найдена! | Файл: /home/br396286/garant-food.kiev.ua/www/vendor/garant/core/Router.php | Строка: 39
*******************
[2021-04-06 10:50:43]
        Текст ошибки: Страница не найдена! | Файл: /home/br396286/garant-food.kiev.ua/www/vendor/garant/core/Router.php | Строка: 39
*******************
[2021-04-06 20:56:22]
        Текст ошибки: Страница не найдена! | Файл: /home/br396286/garant-food.kiev.ua/www/vendor/garant/core/Router.php | Строка: 39
*******************
[2021-04-06 22:00:18]
        Текст ошибки: Сторінку не знайдено | Файл: /home/br396286/garant-food.kiev.ua/www/app/controllers/ServicesController.php | Строка: 13
*******************
[2021-04-07 00:03:43]
        Текст ошибки: Сторінку не знайдено | Файл: /home/br396286/garant-food.kiev.ua/www/app/controllers/ServicesController.php | Строка: 13
*******************
[2021-04-07 00:04:44]
        Текст ошибки: Сторінку не знайдено | Файл: /home/br396286/garant-food.kiev.ua/www/app/controllers/ServicesController.php | Строка: 13
*******************
[2021-04-07 00:04:44]
        Текст ошибки: Страница не найдена! | Файл: /home/br396286/garant-food.kiev.ua/www/vendor/garant/core/Router.php | Строка: 39
*******************
[2021-04-07 00:04:44]
        Текст ошибки: Сторінку не знайдено | Файл: /home/br396286/garant-food.kiev.ua/www/app/controllers/ServicesController.php | Строка: 13
*******************
[2021-04-07 00:04:44]
        Текст ошибки: Сторінку не знайдено | Файл: /home/br396286/garant-food.kiev.ua/www/app/controllers/ServicesController.php | Строка: 13
*******************
[2021-04-07 00:05:45]
        Текст ошибки: Сторінку не знайдено | Файл: /home/br396286/garant-food.kiev.ua/www/app/controllers/ServicesController.php | Строка: 13
*******************
[2021-04-07 00:05:45]
        Текст ошибки: Странница не найдена | Файл: /home/br396286/garant-food.kiev.ua/www/app/controllers/PlacesController.php | Строка: 12
*******************
[2021-04-07 00:05:45]
        Текст ошибки: Странница не найдена | Файл: /home/br396286/garant-food.kiev.ua/www/app/controllers/PlacesController.php | Строка: 12
*******************
[2021-04-07 00:06:46]
        Текст ошибки: Страница не найдена! | Файл: /home/br396286/garant-food.kiev.ua/www/vendor/garant/core/Router.php | Строка: 39
*******************
[2021-04-07 00:06:46]
        Текст ошибки: Странница не найдена | Файл: /home/br396286/garant-food.kiev.ua/www/app/controllers/PlacesController.php | Строка: 12
*******************
[2021-04-07 00:07:47]
        Текст ошибки: Странница не найдена | Файл: /home/br396286/garant-food.kiev.ua/www/app/controllers/PlacesController.php | Строка: 12
*******************
[2021-04-07 00:07:47]
        Текст ошибки: Странница не найдена | Файл: /home/br396286/garant-food.kiev.ua/www/app/controllers/PlacesController.php | Строка: 12
*******************
[2021-04-07 04:06:51]
        Текст ошибки: Страница не найдена! | Файл: /home/br396286/garant-food.kiev.ua/www/vendor/garant/core/Router.php | Строка: 39
*******************
[2021-04-07 07:28:41]
        Текст ошибки: Страница не найдена! | Файл: /home/br396286/garant-food.kiev.ua/www/vendor/garant/core/Router.php | Строка: 39
*******************
[2021-04-07 08:38:16]
        Текст ошибки: Страница не найдена! | Файл: /home/br396286/garant-food.kiev.ua/www/vendor/garant/core/Router.php | Строка: 39
*******************
[2021-04-07 14:35:57]
        Текст ошибки: Страница не найдена! | Файл: /home/br396286/garant-food.kiev.ua/www/vendor/garant/core/Router.php | Строка: 39
*******************
[2021-04-07 14:44:47]
        Текст ошибки: Страница не найдена! | Файл: /home/br396286/garant-food.kiev.ua/www/vendor/garant/core/Router.php | Строка: 39
*******************
[2021-04-07 17:50:49]
        Текст ошибки: Страница не найдена! | Файл: /home/br396286/garant-food.kiev.ua/www/vendor/garant/core/Router.php | Строка: 39
*******************
[2021-04-07 17:55:48]
        Текст ошибки: Страница не найдена! | Файл: /home/br396286/garant-food.kiev.ua/www/vendor/garant/core/Router.php | Строка: 39
*******************
[2021-04-07 17:55:51]
        Текст ошибки: Страница не найдена! | Файл: /home/br396286/garant-food.kiev.ua/www/vendor/garant/core/Router.php | Строка: 39
*******************
[2021-04-07 20:26:47]
        Текст ошибки: Страница не найдена! | Файл: /home/br396286/garant-food.kiev.ua/www/vendor/garant/core/Router.php | Строка: 39
*******************
[2021-04-07 20:26:47]
        Текст ошибки: Страница не найдена! | Файл: /home/br396286/garant-food.kiev.ua/www/vendor/garant/core/Router.php | Строка: 39
*******************
[2021-04-07 20:26:47]
        Текст ошибки: Страница не найдена! | Файл: /home/br396286/garant-food.kiev.ua/www/vendor/garant/core/Router.php | Строка: 39
*******************
[2021-04-07 20:26:47]
        Текст ошибки: Страница не найдена! | Файл: /home/br396286/garant-food.kiev.ua/www/vendor/garant/core/Router.php | Строка: 39
*******************
[2021-04-07 22:50:30]
        Текст ошибки: Страница не найдена! | Файл: /home/br396286/garant-food.kiev.ua/www/vendor/garant/core/Router.php | Строка: 39
*******************
[2021-04-08 06:46:29]
        Текст ошибки: Страница не найдена! | Файл: /home/br396286/garant-food.kiev.ua/www/vendor/garant/core/Router.php | Строка: 39
*******************
[2021-04-08 08:16:27]
        Текст ошибки: Страница не найдена! | Файл: /home/br396286/garant-food.kiev.ua/www/vendor/garant/core/Router.php | Строка: 39
*******************
[2021-04-08 13:24:28]
        Текст ошибки: Страница не найдена! | Файл: /home/br396286/garant-food.kiev.ua/www/vendor/garant/core/Router.php | Строка: 39
*******************
[2021-04-08 13:24:31]
        Текст ошибки: Страница не найдена! | Файл: /home/br396286/garant-food.kiev.ua/www/vendor/garant/core/Router.php | Строка: 39
*******************
[2021-04-08 15:34:38]
        Текст ошибки: Страница не найдена! | Файл: /home/br396286/garant-food.kiev.ua/www/vendor/garant/core/Router.php | Строка: 39
*******************
[2021-04-09 10:07:24]
        Текст ошибки: Страница не найдена! | Файл: /home/br396286/garant-food.kiev.ua/www/vendor/garant/core/Router.php | Строка: 39
*******************
[2021-04-09 13:43:00]
        Текст ошибки: Страница не найдена! | Файл: /home/br396286/garant-food.kiev.ua/www/vendor/garant/core/Router.php | Строка: 39
*******************
[2021-04-09 19:38:54]
        Текст ошибки: Страница не найдена! | Файл: /home/br396286/garant-food.kiev.ua/www/vendor/garant/core/Router.php | Строка: 39
*******************
[2021-04-09 22:34:51]
        Текст ошибки: Страница не найдена! | Файл: /home/br396286/garant-food.kiev.ua/www/vendor/garant/core/Router.php | Строка: 39
*******************
[2021-04-10 07:07:57]
        Текст ошибки: Страница не найдена! | Файл: /home/br396286/garant-food.kiev.ua/www/vendor/garant/core/Router.php | Строка: 39
*******************
[2021-04-10 08:05:13]
        Текст ошибки: Страница не найдена! | Файл: /home/br396286/garant-food.kiev.ua/www/vendor/garant/core/Router.php | Строка: 39
*******************
[2021-04-10 13:14:35]
        Текст ошибки: Страница не найдена! | Файл: /home/br396286/garant-food.kiev.ua/www/vendor/garant/core/Router.php | Строка: 39
*******************
[2021-04-10 13:14:35]
        Текст ошибки: Страница не найдена! | Файл: /home/br396286/garant-food.kiev.ua/www/vendor/garant/core/Router.php | Строка: 39
*******************
[2021-04-10 13:14:35]
        Текст ошибки: Страница не найдена! | Файл: /home/br396286/garant-food.kiev.ua/www/vendor/garant/core/Router.php | Строка: 39
*******************
[2021-04-10 13:14:35]
        Текст ошибки: Страница не найдена! | Файл: /home/br396286/garant-food.kiev.ua/www/vendor/garant/core/Router.php | Строка: 39
*******************
[2021-04-10 15:57:20]
        Текст ошибки: Страница не найдена! | Файл: /home/br396286/garant-food.kiev.ua/www/vendor/garant/core/Router.php | Строка: 39
*******************
[2021-04-10 20:18:12]
        Текст ошибки: Страница не найдена! | Файл: /home/br396286/garant-food.kiev.ua/www/vendor/garant/core/Router.php | Строка: 39
*******************
[2021-04-10 22:20:18]
        Текст ошибки: Страница не найдена! | Файл: /home/br396286/garant-food.kiev.ua/www/vendor/garant/core/Router.php | Строка: 39
*******************
[2021-04-11 09:48:33]
        Текст ошибки: Страница не найдена! | Файл: /home/br396286/garant-food.kiev.ua/www/vendor/garant/core/Router.php | Строка: 39
*******************
[2021-04-11 10:54:43]
        Текст ошибки: Страница не найдена! | Файл: /home/br396286/garant-food.kiev.ua/www/vendor/garant/core/Router.php | Строка: 39
*******************
[2021-04-11 14:40:11]
        Текст ошибки: Страница не найдена! | Файл: /home/br396286/garant-food.kiev.ua/www/vendor/garant/core/Router.php | Строка: 39
*******************
[2021-04-11 16:19:50]
        Текст ошибки: Страница не найдена! | Файл: /home/br396286/garant-food.kiev.ua/www/vendor/garant/core/Router.php | Строка: 39
*******************
[2021-04-11 23:45:35]
        Текст ошибки: Страница не найдена! | Файл: /home/br396286/garant-food.kiev.ua/www/vendor/garant/core/Router.php | Строка: 39
*******************
[2021-04-12 08:37:53]
        Текст ошибки: Страница не найдена! | Файл: /home/br396286/garant-food.kiev.ua/www/vendor/garant/core/Router.php | Строка: 39
*******************
[2021-04-12 10:23:04]
        Текст ошибки: Страница не найдена! | Файл: /home/br396286/garant-food.kiev.ua/www/vendor/garant/core/Router.php | Строка: 39
*******************
[2021-04-12 11:03:19]
        Текст ошибки: Страница не найдена! | Файл: /home/br396286/garant-food.kiev.ua/www/vendor/garant/core/Router.php | Строка: 39
*******************
[2021-04-12 11:50:40]
        Текст ошибки: Страница не найдена! | Файл: /home/br396286/garant-food.kiev.ua/www/vendor/garant/core/Router.php | Строка: 39
*******************
[2021-04-12 14:04:16]
        Текст ошибки: Страница не найдена! | Файл: /home/br396286/garant-food.kiev.ua/www/vendor/garant/core/Router.php | Строка: 39
*******************
[2021-04-12 14:11:50]
        Текст ошибки: Страница не найдена! | Файл: /home/br396286/garant-food.kiev.ua/www/vendor/garant/core/Router.php | Строка: 39
*******************
[2021-04-12 14:51:40]
        Текст ошибки: Страница не найдена! | Файл: /home/br396286/garant-food.kiev.ua/www/vendor/garant/core/Router.php | Строка: 39
*******************
[2021-04-12 16:47:58]
        Текст ошибки: Страница не найдена! | Файл: /home/br396286/garant-food.kiev.ua/www/vendor/garant/core/Router.php | Строка: 39
*******************
[2021-04-12 17:18:09]
        Текст ошибки: Страница не найдена! | Файл: /home/br396286/garant-food.kiev.ua/www/vendor/garant/core/Router.php | Строка: 39
*******************
[2021-04-12 18:14:08]
        Текст ошибки: Страница не найдена! | Файл: /home/br396286/garant-food.kiev.ua/www/vendor/garant/core/Router.php | Строка: 39
*******************
[2021-04-12 21:52:54]
        Текст ошибки: Страница не найдена! | Файл: /home/br396286/garant-food.kiev.ua/www/vendor/garant/core/Router.php | Строка: 39
*******************
[2021-04-12 21:53:13]
        Текст ошибки: Страница не найдена! | Файл: /home/br396286/garant-food.kiev.ua/www/vendor/garant/core/Router.php | Строка: 39
*******************
[2021-04-13 04:33:54]
        Текст ошибки: Страница не найдена! | Файл: /home/br396286/garant-food.kiev.ua/www/vendor/garant/core/Router.php | Строка: 39
*******************
[2021-04-13 09:32:46]
        Текст ошибки: Страница не найдена! | Файл: /home/br396286/garant-food.kiev.ua/www/vendor/garant/core/Router.php | Строка: 39
*******************
[2021-04-13 14:49:36]
        Текст ошибки: Страница не найдена! | Файл: /home/br396286/garant-food.kiev.ua/www/vendor/garant/core/Router.php | Строка: 39
*******************
[2021-04-13 16:35:14]
        Текст ошибки: Страница не найдена! | Файл: /home/br396286/garant-food.kiev.ua/www/vendor/garant/core/Router.php | Строка: 39
*******************
[2021-04-13 16:35:29]
        Текст ошибки: Страница не найдена! | Файл: /home/br396286/garant-food.kiev.ua/www/vendor/garant/core/Router.php | Строка: 39
*******************
[2021-04-13 16:35:31]
        Текст ошибки: Страница не найдена! | Файл: /home/br396286/garant-food.kiev.ua/www/vendor/garant/core/Router.php | Строка: 39
*******************
[2021-04-13 21:08:41]
        Текст ошибки: Страница не найдена! | Файл: /home/br396286/garant-food.kiev.ua/www/vendor/garant/core/Router.php | Строка: 39
*******************
[2021-04-13 21:37:07]
        Текст ошибки: Страница не найдена! | Файл: /home/br396286/garant-food.kiev.ua/www/vendor/garant/core/Router.php | Строка: 39
*******************
[2021-04-14 03:05:17]
        Текст ошибки: Страница не найдена! | Файл: /home/br396286/garant-food.kiev.ua/www/vendor/garant/core/Router.php | Строка: 39
*******************
[2021-04-14 09:07:33]
        Текст ошибки: Страница не найдена! | Файл: /home/br396286/garant-food.kiev.ua/www/vendor/garant/core/Router.php | Строка: 39
*******************
[2021-04-14 11:12:26]
        Текст ошибки: Страница не найдена! | Файл: /home/br396286/garant-food.kiev.ua/www/vendor/garant/core/Router.php | Строка: 39
*******************
[2021-04-14 11:58:00]
        Текст ошибки: Страница не найдена! | Файл: /home/br396286/garant-food.kiev.ua/www/vendor/garant/core/Router.php | Строка: 39
*******************
[2021-04-14 13:20:03]
        Текст ошибки: Страница не найдена! | Файл: /home/br396286/garant-food.kiev.ua/www/vendor/garant/core/Router.php | Строка: 39
*******************
[2021-04-14 13:45:28]
        Текст ошибки: Страница не найдена! | Файл: /home/br396286/garant-food.kiev.ua/www/vendor/garant/core/Router.php | Строка: 39
*******************
[2021-04-14 13:48:51]
        Текст ошибки: Страница не найдена! | Файл: /home/br396286/garant-food.kiev.ua/www/vendor/garant/core/Router.php | Строка: 39
*******************
[2021-04-14 13:49:21]
        Текст ошибки: Страница не найдена! | Файл: /home/br396286/garant-food.kiev.ua/www/vendor/garant/core/Router.php | Строка: 39
*******************
[2021-04-14 13:54:12]
        Текст ошибки: Страница не найдена! | Файл: /home/br396286/garant-food.kiev.ua/www/vendor/garant/core/Router.php | Строка: 39
*******************
[2021-04-14 13:54:13]
        Текст ошибки: Страница не найдена! | Файл: /home/br396286/garant-food.kiev.ua/www/vendor/garant/core/Router.php | Строка: 39
*******************
[2021-04-14 13:54:13]
        Текст ошибки: Страница не найдена! | Файл: /home/br396286/garant-food.kiev.ua/www/vendor/garant/core/Router.php | Строка: 39
*******************
[2021-04-14 13:54:13]
        Текст ошибки: Страница не найдена! | Файл: /home/br396286/garant-food.kiev.ua/www/vendor/garant/core/Router.php | Строка: 39
*******************
[2021-04-14 13:54:14]
        Текст ошибки: Страница не найдена! | Файл: /home/br396286/garant-food.kiev.ua/www/vendor/garant/core/Router.php | Строка: 39
*******************
[2021-04-14 13:54:14]
        Текст ошибки: Страница не найдена! | Файл: /home/br396286/garant-food.kiev.ua/www/vendor/garant/core/Router.php | Строка: 39
*******************
[2021-04-14 13:54:14]
        Текст ошибки: Страница не найдена! | Файл: /home/br396286/garant-food.kiev.ua/www/vendor/garant/core/Router.php | Строка: 39
*******************
[2021-04-14 13:54:15]
        Текст ошибки: Страница не найдена! | Файл: /home/br396286/garant-food.kiev.ua/www/vendor/garant/core/Router.php | Строка: 39
*******************
[2021-04-14 13:54:15]
        Текст ошибки: Страница не найдена! | Файл: /home/br396286/garant-food.kiev.ua/www/vendor/garant/core/Router.php | Строка: 39
*******************
[2021-04-14 13:54:15]
        Текст ошибки: Страница не найдена! | Файл: /home/br396286/garant-food.kiev.ua/www/vendor/garant/core/Router.php | Строка: 39
*******************
[2021-04-14 13:54:15]
        Текст ошибки: Страница не найдена! | Файл: /home/br396286/garant-food.kiev.ua/www/vendor/garant/core/Router.php | Строка: 39
*******************
[2021-04-14 13:54:16]
        Текст ошибки: Страница не найдена! | Файл: /home/br396286/garant-food.kiev.ua/www/vendor/garant/core/Router.php | Строка: 39
*******************
[2021-04-14 13:54:16]
        Текст ошибки: Страница не найдена! | Файл: /home/br396286/garant-food.kiev.ua/www/vendor/garant/core/Router.php | Строка: 39
*******************
[2021-04-14 13:54:16]
        Текст ошибки: Страница не найдена! | Файл: /home/br396286/garant-food.kiev.ua/www/vendor/garant/core/Router.php | Строка: 39
*******************
[2021-04-14 22:26:38]
        Текст ошибки: Страница не найдена! | Файл: /home/br396286/garant-food.kiev.ua/www/vendor/garant/core/Router.php | Строка: 39
*******************
[2021-04-14 22:26:38]
        Текст ошибки: Страница не найдена! | Файл: /home/br396286/garant-food.kiev.ua/www/vendor/garant/core/Router.php | Строка: 39
*******************
[2021-04-14 22:26:38]
        Текст ошибки: Страница не найдена! | Файл: /home/br396286/garant-food.kiev.ua/www/vendor/garant/core/Router.php | Строка: 39
*******************
[2021-04-14 22:26:38]
        Текст ошибки: Страница не найдена! | Файл: /home/br396286/garant-food.kiev.ua/www/vendor/garant/core/Router.php | Строка: 39
*******************
[2021-04-15 02:49:32]
        Текст ошибки: Страница не найдена! | Файл: /home/br396286/garant-food.kiev.ua/www/vendor/garant/core/Router.php | Строка: 39
*******************
[2021-04-15 08:52:12]
        Текст ошибки: Страница не найдена! | Файл: /home/br396286/garant-food.kiev.ua/www/vendor/garant/core/Router.php | Строка: 39
*******************
[2021-04-15 10:03:31]
        Текст ошибки: Страница не найдена! | Файл: /home/br396286/garant-food.kiev.ua/www/vendor/garant/core/Router.php | Строка: 39
*******************
[2021-04-15 12:20:28]
        Текст ошибки: Страница не найдена! | Файл: /home/br396286/garant-food.kiev.ua/www/vendor/garant/core/Router.php | Строка: 39
*******************
[2021-04-15 13:24:48]
        Текст ошибки: Страница не найдена! | Файл: /home/br396286/garant-food.kiev.ua/www/vendor/garant/core/Router.php | Строка: 39
*******************
[2021-04-15 15:28:38]
        Текст ошибки: Страница не найдена! | Файл: /home/br396286/garant-food.kiev.ua/www/vendor/garant/core/Router.php | Строка: 39
*******************
[2021-04-15 15:28:43]
        Текст ошибки: Страница не найдена! | Файл: /home/br396286/garant-food.kiev.ua/www/vendor/garant/core/Router.php | Строка: 39
*******************
[2021-04-15 15:28:46]
        Текст ошибки: Страница не найдена! | Файл: /home/br396286/garant-food.kiev.ua/www/vendor/garant/core/Router.php | Строка: 39
*******************
[2021-04-15 15:28:51]
        Текст ошибки: Страница не найдена! | Файл: /home/br396286/garant-food.kiev.ua/www/vendor/garant/core/Router.php | Строка: 39
*******************
[2021-04-15 15:34:37]
        Текст ошибки: Страница не найдена! | Файл: /home/br396286/garant-food.kiev.ua/www/vendor/garant/core/Router.php | Строка: 39
*******************
[2021-04-15 15:35:02]
        Текст ошибки: Страница не найдена! | Файл: /home/br396286/garant-food.kiev.ua/www/vendor/garant/core/Router.php | Строка: 39
*******************
[2021-04-15 15:35:05]
        Текст ошибки: Страница не найдена! | Файл: /home/br396286/garant-food.kiev.ua/www/vendor/garant/core/Router.php | Строка: 39
*******************
[2021-04-15 15:41:34]
        Текст ошибки: Страница не найдена! | Файл: /home/br396286/garant-food.kiev.ua/www/vendor/garant/core/Router.php | Строка: 39
*******************
[2021-04-15 16:10:46]
        Текст ошибки: Страница не найдена! | Файл: /home/br396286/garant-food.kiev.ua/www/vendor/garant/core/Router.php | Строка: 39
*******************
[2021-04-15 16:14:52]
        Текст ошибки: Контроллер app\controllers\UaController не найден | Файл: /home/br396286/garant-food.kiev.ua/www/vendor/garant/core/Router.php | Строка: 36
*******************
[2021-04-15 20:09:44]
        Текст ошибки: Контроллер app\controllers\ErrorController не найден | Файл: /home/br396286/garant-food.kiev.ua/www/vendor/garant/core/Router.php | Строка: 36
*******************
[2021-04-15 20:09:45]
        Текст ошибки: Страница не найдена! | Файл: /home/br396286/garant-food.kiev.ua/www/vendor/garant/core/Router.php | Строка: 39
*******************
[2021-04-16 10:31:11]
        Текст ошибки: Страница не найдена! | Файл: /home/br396286/garant-food.kiev.ua/www/vendor/garant/core/Router.php | Строка: 39
*******************
[2021-04-16 10:59:44]
        Текст ошибки: Страница не найдена! | Файл: /home/br396286/garant-food.kiev.ua/www/vendor/garant/core/Router.php | Строка: 39
*******************
[2021-04-16 13:39:13]
        Текст ошибки: Страница не найдена! | Файл: /home/br396286/garant-food.kiev.ua/www/vendor/garant/core/Router.php | Строка: 39
*******************
[2021-04-16 13:39:16]
        Текст ошибки: Страница не найдена! | Файл: /home/br396286/garant-food.kiev.ua/www/vendor/garant/core/Router.php | Строка: 39
*******************
[2021-04-16 13:39:18]
        Текст ошибки: Страница не найдена! | Файл: /home/br396286/garant-food.kiev.ua/www/vendor/garant/core/Router.php | Строка: 39
*******************
[2021-04-16 13:39:29]
        Текст ошибки: Страница не найдена! | Файл: /home/br396286/garant-food.kiev.ua/www/vendor/garant/core/Router.php | Строка: 39
*******************
[2021-04-16 14:06:12]
        Текст ошибки: Страница не найдена! | Файл: /home/br396286/garant-food.kiev.ua/www/vendor/garant/core/Router.php | Строка: 39
*******************
